[Licensing::Module] Trying to connect to existing licensing client channel...
Built from '6000.2/staging' branch; Version is '6000.2.4f1 (17550c9bb584) revision 1529100'; Using compiler version '194234433'; Build Type 'Release'
OS: 'Windows 11  (10.0.26200) 64bit Professional' Language: 'en' Physical Memory: 16255 MB
BatchMode: 1, IsHumanControllingUs: 0, StartBugReporterOnCrash: 0, Is64bit: 1
Date: 2025-12-22T06:48:17Z
[Licensing::IpcConnector] Successfully connected to: "LicenseClient-acern" at "2025-12-22T06:48:17.7892968Z"

COMMAND LINE ARGUMENTS:
C:\Program Files\Unity\Hub\Editor\6000.2.4f1\Editor\Unity.exe
-adb2
-batchMode
-noUpm
-name
AssetImportWorker0
-projectPath
C:/Users/acern/uts/UAS
-logFile
Logs/AssetImportWorker0.log
-srvPort
60253
-licensingIpc
LicenseClient-acern
-job-worker-count
5
-background-job-worker-count
8
-gc-helper-count
1
-name
AssetImport
Successfully changed project path to: C:/Users/acern/uts/UAS
C:/Users/acern/uts/UAS
[UnityMemory] Configuration Parameters - Can be set up in boot.config
    "memorysetup-allocator-temp-initial-block-size-main=262144"
    "memorysetup-allocator-temp-initial-block-size-worker=262144"
    "memorysetup-bucket-allocator-granularity=16"
    "memorysetup-bucket-allocator-bucket-count=8"
    "memorysetup-bucket-allocator-block-size=33554432"
    "memorysetup-bucket-allocator-block-count=8"
    "memorysetup-main-allocator-block-size=16777216"
    "memorysetup-thread-allocator-block-size=16777216"
    "memorysetup-gfx-main-allocator-block-size=16777216"
    "memorysetup-gfx-thread-allocator-block-size=16777216"
    "memorysetup-cache-allocator-block-size=4194304"
    "memorysetup-typetree-allocator-block-size=2097152"
    "memorysetup-profiler-bucket-allocator-granularity=16"
    "memorysetup-profiler-bucket-allocator-bucket-count=8"
    "memorysetup-profiler-bucket-allocator-block-size=33554432"
    "memorysetup-profiler-bucket-allocator-block-count=8"
    "memorysetup-profiler-allocator-block-size=16777216"
    "memorysetup-profiler-editor-allocator-block-size=1048576"
    "memorysetup-temp-allocator-size-main=16777216"
    "memorysetup-job-temp-allocator-block-size=2097152"
    "memorysetup-job-temp-allocator-block-size-background=1048576"
    "memorysetup-job-temp-allocator-reduction-small-platforms=262144"
    "memorysetup-temp-allocator-size-background-worker=32768"
    "memorysetup-temp-allocator-size-job-worker=262144"
    "memorysetup-temp-allocator-size-preload-manager=33554432"
    "memorysetup-temp-allocator-size-nav-mesh-worker=65536"
    "memorysetup-temp-allocator-size-audio-worker=65536"
    "memorysetup-temp-allocator-size-cloud-worker=32768"
    "memorysetup-temp-allocator-size-gi-baking-worker=262144"
    "memorysetup-temp-allocator-size-gi-baking-worker=262144"
    "memorysetup-temp-allocator-size-gi-baking-worker=262144"
    "memorysetup-temp-allocator-size-gi-baking-worker=262144"
    "memorysetup-temp-allocator-size-gi-baking-worker=262144"
    "memorysetup-temp-allocator-size-gfx=262144"
Player connection [19884]  Target information:

Player connection [19884]  * "[IP] 26.36.144.196 [Port] 0 [Flags] 2 [Guid] 1207302444 [EditorId] 1207302444 [Version] 1048832 [Id] WindowsEditor(7,davin) [Debug] 1 [PackageName] WindowsEditor [ProjectName] Editor" 

Player connection [19884]  * "[IP] 192.168.100.124 [Port] 0 [Flags] 2 [Guid] 1207302444 [EditorId] 1207302444 [Version] 1048832 [Id] WindowsEditor(7,davin) [Debug] 1 [PackageName] WindowsEditor [ProjectName] Editor" 

Player connection [19884] Host joined multi-casting on [225.0.0.222:54997]...
Player connection [19884] Host joined alternative multi-casting on [225.0.0.222:34997]...
JobSystem: Creating JobQueue using job-worker-count value 5
Input System module state changed to: Initialized.
[Physics::Module] Initialized fallback backend.
[Physics::Module] Id: 0xdecafbad
[Licensing::Client] Code 10 while verifying Licensing Client signature (process Id: 11360, path: "C:/Program Files/Unity Hub/UnityLicensingClient_V1/Unity.Licensing.Client.exe")
[Licensing::Module] LicensingClient has failed validation; ignoring
[Licensing::Client] Handshaking with LicensingClient:
  Version:                 1.17.4+4293ba1
  Session Id:              c5602e3b8dad45e0809b53b7ad01fba7
  Correlation Id:          93745fc3f36f085e1a1db6d2286b3284
  External correlation Id: 7079299583063275827
  Machine Id:              dz8tqKcc03rNLpJ3xIhukxC/mqU=
[Licensing::Module] Successfully connected to LicensingClient on channel: "LicenseClient-acern" (connect: 0.00s, validation: 0.00s, handshake: 0.05s)
[Licensing::IpcConnector] Successfully connected to: "LicenseClient-acern-notifications" at "2025-12-22T06:48:17.8474215Z"
[Licensing::Module] Licensing Background thread has ended after 0.06s
Library Redirect Path: Library/
[Physics::Module] Selected backend.
[Physics::Module] Name: PhysX
[Physics::Module] Id: 0xf2b8ea05
[Physics::Module] SDK Version: 4.1.2
[Physics::Module] Integration Version: 1.0.0
[Physics::Module] Threading Mode: Multi-Threaded
Refreshing native plugins compatible for Editor in 4.01 ms, found 3 plugins.
Preloading 0 native plugins for Editor in 0.00 ms.
Initialize engine version: 6000.2.4f1 (17550c9bb584)
[Subsystems] Discovering subsystems at path C:/Program Files/Unity/Hub/Editor/6000.2.4f1/Editor/Data/Resources/UnitySubsystems
[Subsystems] Discovering subsystems at path C:/Users/acern/uts/UAS/Assets
GfxDevice: creating device client; kGfxThreadingModeNonThreaded
Direct3D:
    Version:  Direct3D 11.0 [level 11.1]
    Renderer: AMD Radeon RX 580 2048SP (ID=0x6fdf)
    Vendor:   ATI
    VRAM:     8170 MB
    Driver:   31.0.21923.11000
Shader Hidden/ProbeVolume/VoxelizeScene is not supported: GPU does not support conservative rasterization
Initialize mono
Mono path[0] = 'C:/Program Files/Unity/Hub/Editor/6000.2.4f1/Editor/Data/Managed'
Mono path[1] = 'C:/Program Files/Unity/Hub/Editor/6000.2.4f1/Editor/Data/MonoBleedingEdge/lib/mono/unityjit-win32'
Mono config path = 'C:/Program Files/Unity/Hub/Editor/6000.2.4f1/Editor/Data/MonoBleedingEdge/etc'
Using monoOptions --debugger-agent=transport=dt_socket,embedding=1,server=y,suspend=n,address=127.0.0.1:56972
Begin MonoManager ReloadAssembly
Registering precompiled unity dll's ...
Register platform support module: C:/Program Files/Unity/Hub/Editor/6000.2.4f1/Editor/Data/PlaybackEngines/WindowsStandaloneSupport/UnityEditor.WindowsStandalone.Extensions.dll
Registered in 0.002291 seconds.
- Loaded All Assemblies, in  0.458 seconds
Native extension for WindowsStandalone target not found
Mono: successfully reloaded assembly
- Finished resetting the current domain, in  0.387 seconds
Domain Reload Profiling: 841ms
	BeginReloadAssembly (157ms)
		ExecutionOrderSort (0ms)
		DisableScriptedObjects (0ms)
		BackupInstance (0ms)
		ReleaseScriptingObjects (0ms)
		CreateAndSetChildDomain (1ms)
	RebuildCommonClasses (40ms)
	RebuildNativeTypeToScriptingClass (12ms)
	initialDomainReloadingComplete (61ms)
	LoadAllAssembliesAndSetupDomain (183ms)
		LoadAssemblies (153ms)
		RebuildTransferFunctionScriptingTraits (0ms)
		AnalyzeDomain (180ms)
			TypeCache.Refresh (178ms)
				TypeCache.ScanAssembly (163ms)
			BuildScriptInfoCaches (0ms)
			ResolveRequiredComponents (1ms)
	FinalizeReload (387ms)
		ReleaseScriptCaches (0ms)
		RebuildScriptCaches (0ms)
		SetupLoadedEditorAssemblies (342ms)
			LogAssemblyErrors (0ms)
			InitializePlatformSupportModulesInManaged (60ms)
			SetLoadedEditorAssemblies (4ms)
			BeforeProcessingInitializeOnLoad (74ms)
			ProcessInitializeOnLoadAttributes (146ms)
			ProcessInitializeOnLoadMethodAttributes (57ms)
			AfterProcessingInitializeOnLoad (0ms)
			EditorAssembliesLoaded (0ms)
		ExecutionOrderSort2 (0ms)
		AwakeInstancesAfterBackupRestoration (0ms)
========================================================================
Worker process is ready to serve import requests
Import Worker Mode flag is 0x00
Begin MonoManager ReloadAssembly
[Licensing::Client] Successfully resolved entitlement details
[Licensing::Module] License group:
  Id: F4-UMHR-75HX-ETYA-BY2V-XXXX
  Product: Unity Personal
  Type: ULF
  Expiration: 2026-01-28T07:38:25Z
[Licensing::Module] License group:
  Id: 1374900446973-UnityPersXXXX
  Product: Unity Personal
  Type: Assigned
  Expiration: Unlimited
- Loaded All Assemblies, in  0.887 seconds
Refreshing native plugins compatible for Editor in 1.54 ms, found 3 plugins.
Native extension for WindowsStandalone target not found
Package Manager log level set to [2]
[Package Manager] Failed to launch server process. Reason: Unity was launched with the -noUpm command-line argument
[Package Manager] Unable to send message (not connected to server process).
[Package Manager] Cannot connect to Unity Package Manager local server
Mono: successfully reloaded assembly
- Finished resetting the current domain, in  0.939 seconds
Domain Reload Profiling: 1819ms
	BeginReloadAssembly (207ms)
		ExecutionOrderSort (0ms)
		DisableScriptedObjects (7ms)
		BackupInstance (0ms)
		ReleaseScriptingObjects (0ms)
		CreateAndSetChildDomain (36ms)
	RebuildCommonClasses (47ms)
	RebuildNativeTypeToScriptingClass (16ms)
	initialDomainReloadingComplete (45ms)
	LoadAllAssembliesAndSetupDomain (564ms)
		LoadAssemblies (413ms)
		RebuildTransferFunctionScriptingTraits (0ms)
		AnalyzeDomain (262ms)
			TypeCache.Refresh (198ms)
				TypeCache.ScanAssembly (185ms)
			BuildScriptInfoCaches (47ms)
			ResolveRequiredComponents (12ms)
	FinalizeReload (940ms)
		ReleaseScriptCaches (0ms)
		RebuildScriptCaches (0ms)
		SetupLoadedEditorAssemblies (794ms)
			LogAssemblyErrors (0ms)
			InitializePlatformSupportModulesInManaged (2ms)
			SetLoadedEditorAssemblies (5ms)
			BeforeProcessingInitializeOnLoad (151ms)
			ProcessInitializeOnLoadAttributes (565ms)
			ProcessInitializeOnLoadMethodAttributes (62ms)
			AfterProcessingInitializeOnLoad (9ms)
			EditorAssembliesLoaded (0ms)
		ExecutionOrderSort2 (0ms)
		AwakeInstancesAfterBackupRestoration (7ms)
WARNING: Shader Unsupported: 'Hidden/Universal Render Pipeline/Terrain/Lit (Base Pass)' - All subshaders removed
WARNING: Shader Did you use #pragma only_renderers and omit this platform?
WARNING: Shader If subshaders removal was intentional, you may have forgotten turning Fallback off?
WARNING: Shader Unsupported: 'Hidden/Universal Render Pipeline/Terrain/Lit (Base Pass)' - All subshaders removed
WARNING: Shader Did you use #pragma only_renderers and omit this platform?
WARNING: Shader If subshaders removal was intentional, you may have forgotten turning Fallback off?
WARNING: Shader Unsupported: 'Universal Render Pipeline/Terrain/Lit' - All subshaders removed
WARNING: Shader Did you use #pragma only_renderers and omit this platform?
WARNING: Shader If subshaders removal was intentional, you may have forgotten turning Fallback off?
WARNING: Shader Unsupported: 'Universal Render Pipeline/Terrain/Lit' - All subshaders removed
WARNING: Shader Did you use #pragma only_renderers and omit this platform?
WARNING: Shader If subshaders removal was intentional, you may have forgotten turning Fallback off?
Shader Hidden/ProbeVolume/VoxelizeScene is not supported: GPU does not support conservative rasterization
Launched and connected shader compiler UnityShaderCompiler.exe after 0.02 seconds
Refreshing native plugins compatible for Editor in 1.75 ms, found 3 plugins.
Preloading 0 native plugins for Editor in 0.00 ms.
Unloading 33 Unused Serialized files (Serialized files now loaded: 0)
Unloading 6224 unused Assets / (7.3 MB). Loaded Objects now: 6796.
Memory consumption went from 137.4 MB to 130.1 MB.
Total: 11.262500 ms (FindLiveObjects: 0.960000 ms CreateObjectMapping: 1.240500 ms MarkObjects: 5.031800 ms  DeleteObjects: 4.029100 ms)

========================================================================
Received Import Request.
  Time since last request: 30605.894300 seconds.
  path: Assets/Pirate.prefab
  artifactKey: Guid(611ed773dea0ec741a2a14a7d398ced3) Importer(815301076,1909f56bfc062723c751e8b465ee728b)
Start importing Assets/Pirate.prefab using Guid(611ed773dea0ec741a2a14a7d398ced3) Importer(815301076,1909f56bfc062723c751e8b465ee728b) (PreviewImporter)The AnimationClip 'mixamo.com' used by the Animation component 'Pirate' must be marked as Legacy.
The AnimationClip 'mixamo.com' used by the Animation component 'Pirate(Clone)' must be marked as Legacy.
UnityEngine.Debug:ExtractStackTraceNoAlloc (byte*,int,string)
UnityEngine.StackTraceUtility:ExtractStackTrace ()
UnityEditor.EditorUtility:Internal_InstantiateRemoveAllNonAnimationComponentsSingle (UnityEngine.Object,UnityEngine.Vector3,UnityEngine.Quaternion)
UnityEditor.EditorUtility:InstantiateRemoveAllNonAnimationComponents (UnityEngine.Object,UnityEngine.Vector3,UnityEngine.Quaternion)
UnityEditor.EditorUtility:InstantiateForAnimatorPreview (UnityEngine.Object)
UnityEditor.GameObjectInspector/PreviewData:UpdateGameObject (UnityEngine.Object)
UnityEditor.GameObjectInspector/PreviewData:.ctor (UnityEngine.Object,bool)
UnityEditor.GameObjectInspector:GetPreviewData (bool)
UnityEditor.GameObjectInspector:RenderStaticPreview (string,UnityEngine.Object[],int,int)
UnityEditor.AssetPreviewUpdater:CreatePreview (UnityEngine.Object,UnityEngine.Object[],string,int,int)
UnityEditor.AssetPreviewUpdater:CreatePreviewForAsset (UnityEngine.Object,UnityEngine.Object[],string)

[C:\build\output\unity\unity\Modules\Animation\Animation.cpp line 2126]

The AnimationClip 'mixamo.com' used by the Animation component 'Pirate(Clone)AnimatorPreview' must be marked as Legacy.
UnityEngine.Debug:ExtractStackTraceNoAlloc (byte*,int,string)
UnityEngine.StackTraceUtility:ExtractStackTrace ()
UnityEngine.SceneManagement.SceneManager:MoveGameObjectToScene (UnityEngine.GameObject,UnityEngine.SceneManagement.Scene)
UnityEditor.PreviewScene:AddManagedGO (UnityEngine.GameObject)
UnityEditor.PreviewRenderUtility:AddManagedGO (UnityEngine.GameObject)
UnityEditor.GameObjectInspector/PreviewData:UpdateGameObject (UnityEngine.Object)
UnityEditor.GameObjectInspector/PreviewData:.ctor (UnityEngine.Object,bool)
UnityEditor.GameObjectInspector:GetPreviewData (bool)
UnityEditor.GameObjectInspector:RenderStaticPreview (string,UnityEngine.Object[],int,int)
UnityEditor.AssetPreviewUpdater:CreatePreview (UnityEngine.Object,UnityEngine.Object[],string,int,int)
UnityEditor.AssetPreviewUpdater:CreatePreviewForAsset (UnityEngine.Object,UnityEngine.Object[],string)

[C:\build\output\unity\unity\Modules\Animation\Animation.cpp line 2126]

 -> (artifact id: 'b2b331793ff1251100d9593f3af9b62a') in 0.2707777 seconds
Number of updated asset objects reloaded before import = 0Number of asset objects unloaded after import = 210

========================================================================
Received Import Request.
  Time since last request: 55.062571 seconds.
  path: Assets/Main Menu/MusicManager.prefab
  artifactKey: Guid(297df4e54d6179e47897f6385c154a44) Importer(815301076,1909f56bfc062723c751e8b465ee728b)
Start importing Assets/Main Menu/MusicManager.prefab using Guid(297df4e54d6179e47897f6385c154a44) Importer(815301076,1909f56bfc062723c751e8b465ee728b) (PreviewImporter) -> (artifact id: 'a9ac283edd38a5ee7d3e7ccb6571ce60') in 0.0026731 seconds
Number of updated asset objects reloaded before import = 0Number of asset objects unloaded after import = 6

========================================================================
Received Import Request.
  Time since last request: 1.347621 seconds.
  path: Assets/Main Menu/MainMenuController.cs
  artifactKey: Guid(3441f3e1344735a46bc9924271443d36) Importer(815301076,1909f56bfc062723c751e8b465ee728b)
Start importing Assets/Main Menu/MainMenuController.cs using Guid(3441f3e1344735a46bc9924271443d36) Importer(815301076,1909f56bfc062723c751e8b465ee728b) (PreviewImporter) -> (artifact id: '4ee97dc74500b7188b1f3943bacf3d46') in 0.00057 seconds
Number of updated asset objects reloaded before import = 0Number of asset objects unloaded after import = 0

========================================================================
Received Import Request.
  Time since last request: 181.646794 seconds.
  path: Assets/CODE/SceneLoader.cs
  artifactKey: Guid(3d353dba11739c447aa380cb2dc79b95) Importer(815301076,1909f56bfc062723c751e8b465ee728b)
Start importing Assets/CODE/SceneLoader.cs using Guid(3d353dba11739c447aa380cb2dc79b95) Importer(815301076,1909f56bfc062723c751e8b465ee728b) (PreviewImporter) -> (artifact id: '09b740ea7c7c8775abc0ce5bb811d1fd') in 0.0006108 seconds
Number of updated asset objects reloaded before import = 0Number of asset objects unloaded after import = 0

========================================================================
Received Import Request.
  Time since last request: 5.017392 seconds.
  path: Assets/CODE/EnemyAI.cs
  artifactKey: Guid(d000a7bceb890b3488152c37a3745455) Importer(815301076,1909f56bfc062723c751e8b465ee728b)
Start importing Assets/CODE/EnemyAI.cs using Guid(d000a7bceb890b3488152c37a3745455) Importer(815301076,1909f56bfc062723c751e8b465ee728b) (PreviewImporter) -> (artifact id: 'a4a7dc193e7cadb03695efa9a47d1b99') in 0.000666 seconds
Number of updated asset objects reloaded before import = 0Number of asset objects unloaded after import = 0

========================================================================
Received Import Request.
  Time since last request: 365.680044 seconds.
  path: Assets/CODE/MenuMusicManager.cs
  artifactKey: Guid(bbd25c184f87fcb40b79a41f4cbbb1c7) Importer(815301076,1909f56bfc062723c751e8b465ee728b)
Start importing Assets/CODE/MenuMusicManager.cs using Guid(bbd25c184f87fcb40b79a41f4cbbb1c7) Importer(815301076,1909f56bfc062723c751e8b465ee728b) (PreviewImporter) -> (artifact id: 'b95aa4e7e23118326b27e9c1430165ff') in 0.0006694 seconds
Number of updated asset objects reloaded before import = 0Number of asset objects unloaded after import = 0

========================================================================
Received Import Request.
  Time since last request: 556.094225 seconds.
  path: Assets/CODE/HealthSystem.cs
  artifactKey: Guid(83641f2a5a9c45847a385bd67f82b1fb) Importer(815301076,1909f56bfc062723c751e8b465ee728b)
Start importing Assets/CODE/HealthSystem.cs using Guid(83641f2a5a9c45847a385bd67f82b1fb) Importer(815301076,1909f56bfc062723c751e8b465ee728b) (PreviewImporter) -> (artifact id: '02d3639a5d79ff94fee5c21d17b676f6') in 0.0006183 seconds
Number of updated asset objects reloaded before import = 0Number of asset objects unloaded after import = 0

========================================================================
Received Import Request.
  Time since last request: 0.317457 seconds.
  path: Assets/CODE/GameOverMenu.cs
  artifactKey: Guid(bad9deebde576864dbfb43c902fc3d4b) Importer(815301076,1909f56bfc062723c751e8b465ee728b)
Start importing Assets/CODE/GameOverMenu.cs using Guid(bad9deebde576864dbfb43c902fc3d4b) Importer(815301076,1909f56bfc062723c751e8b465ee728b) (PreviewImporter) -> (artifact id: '75cf6ddf16a5f1432cbf53069dbdf814') in 0.0005528 seconds
Number of updated asset objects reloaded before import = 0Number of asset objects unloaded after import = 0

========================================================================
Received Import Request.
  Time since last request: 56.887103 seconds.
  path: Assets/CODE/PirateController.cs
  artifactKey: Guid(51d63ed47493d2c4f9d215baaa5b3eb5) Importer(815301076,1909f56bfc062723c751e8b465ee728b)
Start importing Assets/CODE/PirateController.cs using Guid(51d63ed47493d2c4f9d215baaa5b3eb5) Importer(815301076,1909f56bfc062723c751e8b465ee728b) (PreviewImporter) -> (artifact id: 'a9165f1de756276805b01369cb755724') in 0.0006443 seconds
Number of updated asset objects reloaded before import = 0Number of asset objects unloaded after import = 0

========================================================================
Received Import Request.
  Time since last request: 22001.819229 seconds.
  path: Assets/CODE/PlayerPunch.cs
  artifactKey: Guid(ce119e5a9c64fcd47aef89695459a67c) Importer(815301076,1909f56bfc062723c751e8b465ee728b)
Start importing Assets/CODE/PlayerPunch.cs using Guid(ce119e5a9c64fcd47aef89695459a67c) Importer(815301076,1909f56bfc062723c751e8b465ee728b) (PreviewImporter) -> (artifact id: '7d660b281baf552760baa5ddc8e93fc3') in 0.0014566 seconds
Number of updated asset objects reloaded before import = 0Number of asset objects unloaded after import = 0

========================================================================
Received Import Request.
  Time since last request: 649.283334 seconds.
  path: Assets/Asset Level 2/CannonballPrefab.prefab
  artifactKey: Guid(7add468015a1c5845ba30ce0cbc2e837) Importer(815301076,1909f56bfc062723c751e8b465ee728b)
Start importing Assets/Asset Level 2/CannonballPrefab.prefab using Guid(7add468015a1c5845ba30ce0cbc2e837) Importer(815301076,1909f56bfc062723c751e8b465ee728b) (PreviewImporter) -> (artifact id: 'f95567ad2d361ed0f5b5e4a34d1c3db6') in 0.0569254 seconds
Number of updated asset objects reloaded before import = 0Number of asset objects unloaded after import = 11

========================================================================
Received Import Request.
  Time since last request: 3.729180 seconds.
  path: Assets/Asset Level 2/PlayerMovement.cs
  artifactKey: Guid(382b9d2a58f75634c9dc773a8b185960) Importer(815301076,1909f56bfc062723c751e8b465ee728b)
Start importing Assets/Asset Level 2/PlayerMovement.cs using Guid(382b9d2a58f75634c9dc773a8b185960) Importer(815301076,1909f56bfc062723c751e8b465ee728b) (PreviewImporter) -> (artifact id: 'e6fe4eaacf74fba85d5968e675bbfd52') in 0.0010327 seconds
Number of updated asset objects reloaded before import = 0Number of asset objects unloaded after import = 0

========================================================================
Received Import Request.
  Time since last request: 707.546809 seconds.
  path: Assets/Asset Level 2/CannonController.cs
  artifactKey: Guid(844f6c415c6bc864cadae72e6b91bac0) Importer(815301076,1909f56bfc062723c751e8b465ee728b)
Start importing Assets/Asset Level 2/CannonController.cs using Guid(844f6c415c6bc864cadae72e6b91bac0) Importer(815301076,1909f56bfc062723c751e8b465ee728b) (PreviewImporter) -> (artifact id: 'ce00edc0e17f6febca1a8e89281bcab6') in 0.0009349 seconds
Number of updated asset objects reloaded before import = 0Number of asset objects unloaded after import = 0

========================================================================
Received Import Request.
  Time since last request: 0.656579 seconds.
  path: Assets/Asset Level 2/Cannonball.cs
  artifactKey: Guid(ee868e4b3fe0105498f2de6873b91e72) Importer(815301076,1909f56bfc062723c751e8b465ee728b)
Start importing Assets/Asset Level 2/Cannonball.cs using Guid(ee868e4b3fe0105498f2de6873b91e72) Importer(815301076,1909f56bfc062723c751e8b465ee728b) (PreviewImporter) -> (artifact id: 'a9f800a499ee12ceea85824829a26c0d') in 0.0006627 seconds
Number of updated asset objects reloaded before import = 0Number of asset objects unloaded after import = 0

========================================================================
Received Import Request.
  Time since last request: 2510.886409 seconds.
  path: Assets/Asset Level 2/CannonManager.cs
  artifactKey: Guid(929dfd8966e0b7b42a298007bf0b57d2) Importer(815301076,1909f56bfc062723c751e8b465ee728b)
Start importing Assets/Asset Level 2/CannonManager.cs using Guid(929dfd8966e0b7b42a298007bf0b57d2) Importer(815301076,1909f56bfc062723c751e8b465ee728b) (PreviewImporter) -> (artifact id: '25265296a1f4cd2551b9ce07d40768bc') in 0.0070093 seconds
Number of updated asset objects reloaded before import = 0Number of asset objects unloaded after import = 0

========================================================================
Received Import Request.
  Time since last request: 1096.389248 seconds.
  path: Assets/CODE/CreditsButton.cs
  artifactKey: Guid(cbedc2dea774ed64f83cf395b1d9ce20) Importer(815301076,1909f56bfc062723c751e8b465ee728b)
Start importing Assets/CODE/CreditsButton.cs using Guid(cbedc2dea774ed64f83cf395b1d9ce20) Importer(815301076,1909f56bfc062723c751e8b465ee728b) (PreviewImporter) -> (artifact id: 'f9c00ad94da21dd8d7ea314b0d7f06fd') in 0.0039494 seconds
Number of updated asset objects reloaded before import = 0Number of asset objects unloaded after import = 0

========================================================================
Received Import Request.
  Time since last request: 423.919910 seconds.
  path: Assets/CODE/HealthSystemLevel2.cs
  artifactKey: Guid(1cb17907f7835c9488a7ff6b64293d53) Importer(815301076,1909f56bfc062723c751e8b465ee728b)
Start importing Assets/CODE/HealthSystemLevel2.cs using Guid(1cb17907f7835c9488a7ff6b64293d53) Importer(815301076,1909f56bfc062723c751e8b465ee728b) (PreviewImporter) -> (artifact id: 'ad28b0dfdb5d2009007ddf513c916c68') in 0.0036795 seconds
Number of updated asset objects reloaded before import = 0Number of asset objects unloaded after import = 0

========================================================================
Received Import Request.
  Time since last request: 0.492485 seconds.
  path: Assets/CODE/MainMenu.cs
  artifactKey: Guid(8c2da3a9f63eff24e8ba54aa6b5011b5) Importer(815301076,1909f56bfc062723c751e8b465ee728b)
Start importing Assets/CODE/MainMenu.cs using Guid(8c2da3a9f63eff24e8ba54aa6b5011b5) Importer(815301076,1909f56bfc062723c751e8b465ee728b) (PreviewImporter) -> (artifact id: '2382d089d1eae9f2d0505b9786ebf620') in 0.0021991 seconds
Number of updated asset objects reloaded before import = 0Number of asset objects unloaded after import = 0

========================================================================
Received Import Request.
  Time since last request: 0.406229 seconds.
  path: Assets/CODE/MusicButtonController.cs
  artifactKey: Guid(462ed83cd6eef9b43a4f6a89c63dcfa7) Importer(815301076,1909f56bfc062723c751e8b465ee728b)
Start importing Assets/CODE/MusicButtonController.cs using Guid(462ed83cd6eef9b43a4f6a89c63dcfa7) Importer(815301076,1909f56bfc062723c751e8b465ee728b) (PreviewImporter) -> (artifact id: '229c74fc50532ebea1d7a7e0dd3adf50') in 0.0024527 seconds
Number of updated asset objects reloaded before import = 0Number of asset objects unloaded after import = 0

========================================================================
Received Import Request.
  Time since last request: 9.187756 seconds.
  path: Assets/CODE/EnemyShipMover.cs
  artifactKey: Guid(0ccc703ba54e95748b094465b8bc9606) Importer(815301076,1909f56bfc062723c751e8b465ee728b)
Start importing Assets/CODE/EnemyShipMover.cs using Guid(0ccc703ba54e95748b094465b8bc9606) Importer(815301076,1909f56bfc062723c751e8b465ee728b) (PreviewImporter) -> (artifact id: '02c2bc700453350491b473b8ccfb2e64') in 0.0020415 seconds
Number of updated asset objects reloaded before import = 0Number of asset objects unloaded after import = 0

